<?xml version="1.0" encoding="UTF-8"?>
<!-- Generated by org.testng.reporters.JUnitReportReporter -->
<testsuite hostname="LAPTOP-EAPMHJSF" failures="0" tests="4" name="Ecommerce.Automation" time="174.084" errors="0" timestamp="2022-10-11T10:53:42 IST" skipped="0">
  <testcase classname="Ecommerce.Automation" name="firefox" time="118.840"/>
  <testcase classname="Ecommerce.Automation" name="LaunchFirefox" time="4.017"/>
  <testcase classname="Ecommerce.Automation" name="f" time="49.194"/>
  <testcase classname="Ecommerce.Automation" name="LaunchChrome" time="2.033"/>
</testsuite> <!-- Ecommerce.Automation -->
